time="2025-05-02T17:19:56+05:30" level=info msg="Server Started on port 6369"
time="2025-05-02T17:20:00+05:30" level=info msg="New client connected IP: ::1  PORT: 64341"
time="2025-05-02T17:20:04+05:30" level=info msg="The DB memory is : 8"
time="2025-05-02T17:20:04+05:30" level=info msg="SET a tashwin"
time="2025-05-02T17:20:07+05:30" level=info msg="The DB memory is : 16"
time="2025-05-02T17:20:07+05:30" level=info msg="SET b tashwin"
time="2025-05-02T17:20:09+05:30" level=info msg="The DB memory is : 24"
time="2025-05-02T17:20:09+05:30" level=info msg="SET c tashwin"
time="2025-05-02T17:20:28+05:30" level=info msg="GET a"
time="2025-05-02T17:20:36+05:30" level=info msg="The DB memory is : 32"
time="2025-05-02T17:20:36+05:30" level=info msg="DB memory limit exceeded! LRU Eviction in progress."
time="2025-05-02T17:20:36+05:30" level=info msg="LRU Eviction process completed! DB memory : 24"
time="2025-05-02T17:20:36+05:30" level=info msg="SET d tashwin"
time="2025-05-02T17:20:41+05:30" level=info msg="GET a"
time="2025-05-02T17:20:42+05:30" level=info msg="GET b"
time="2025-05-02T17:20:45+05:30" level=info msg="GET c"
time="2025-05-02T17:20:46+05:30" level=info msg="GET d"
time="2025-05-02T17:20:55+05:30" level=info msg="Client disconnected"
time="2025-05-02T17:26:01+05:30" level=info msg="Received signal: interrupt. Shutting down gracefully!"
time="2025-05-02T17:26:01+05:30" level=info msg="Stopped accepting new connections (listener closed)."
